<?xml version="1.0" encoding="UTF-8"?>
<!-- Generated by org.testng.reporters.JUnitXMLReporter -->
<testsuite ignored="0" hostname="DESKTOP-QPFEMJR" failures="1" tests="1" name="CFailing test" time="0.365" errors="0" timestamp="2021-03-28T01:21:38 EDT">
  <testcase classname="testCases.TestFailure" name="failure" time="0.0">
    <failure type="java.lang.AssertionError" message=" intentioly failed">
      <![CDATA[java.lang.AssertionError:  intentioly failed
at org.junit.Assert.fail(Assert.java:88)
at testCases.TestFailure.failure(TestFailure.java:12)
at java.base/java.util.ArrayList.forEach(ArrayList.java:1511)
... Removed 27 stack frames]]>
    </failure>
  </testcase> <!-- failure -->
</testsuite> <!-- CFailing test -->
