<?xml version="1.0" encoding="UTF-8"?>
<!-- Generated by org.testng.reporters.JUnitXMLReporter -->
<testsuite ignored="0" hostname="DESKTOP-QPFEMJR" failures="0" tests="5" name="OTRT Login Test" time="1.214" errors="0" timestamp="2021-03-31T00:20:18 EDT">
  <testcase classname="testCases.LoginTest" name="loginAsWorker" time="0.773"/>
  <testcase classname="testCases.LoginTest" name="loginAsWorker" time="0.002">
    <skipped/>
  </testcase> <!-- loginAsWorker -->
  <testcase classname="testCases.LoginTest" name="loginAsWorker" time="0.008">
    <skipped/>
  </testcase> <!-- loginAsWorker -->
  <testcase classname="testCases.LoginTest" name="loginAsWorker" time="0.002">
    <skipped/>
  </testcase> <!-- loginAsWorker -->
  <testcase classname="testCases.LoginTest" name="loginAsWorker" time="0.001">
    <skipped/>
  </testcase> <!-- loginAsWorker -->
</testsuite> <!-- OTRT Login Test -->
