<?xml version="1.0" encoding="UTF-8"?>
<!-- Generated by org.testng.reporters.JUnitXMLReporter -->
<testsuite ignored="0" hostname="DESKTOP-QPFEMJR" failures="0" tests="5" name="OTRT Login Test" time="2.325" errors="0" timestamp="2021-03-29T00:46:51 EDT">
  <testcase classname="testCases.LoginTest" name="loginAsWorker" time="1.84"/>
  <testcase classname="testCases.LoginTest" name="loginAsWorker" time="0.002">
    <skipped/>
  </testcase> <!-- loginAsWorker -->
  <testcase classname="testCases.LoginTest" name="loginAsWorker" time="0.003">
    <skipped/>
  </testcase> <!-- loginAsWorker -->
  <testcase classname="testCases.LoginTest" name="loginAsWorker" time="0.001">
    <skipped/>
  </testcase> <!-- loginAsWorker -->
  <testcase classname="testCases.LoginTest" name="loginAsWorker" time="0.007">
    <skipped/>
  </testcase> <!-- loginAsWorker -->
</testsuite> <!-- OTRT Login Test -->
