<?xml version="1.0" encoding="UTF-8"?>
<testsuite name="OTRT Login Test"
           tests="5"
           failures="0"
           errors="0"
           skipped="4"
           time="1.853">
  <properties />
  
            <testcase name="loginAsWorker" time="0.0" classname="testCases.LoginTest">
          <skipped />
    </testcase>
            <testcase name="loginAsWorker" time="0.0" classname="testCases.LoginTest">
          <skipped />
    </testcase>
            <testcase name="loginAsWorker" time="0.0" classname="testCases.LoginTest">
          <skipped />
    </testcase>
            <testcase name="loginAsWorker" time="0.0" classname="testCases.LoginTest">
          <skipped />
    </testcase>
  
            <testcase name="loginAsWorker" time="1.840" classname="testCases.LoginTest" />
      
</testsuite>
