<!DOCTYPE html PUBLIC "-//W3C//DTD XHTML 1.1//EN" "https://www.w3.org/TR/xhtml11/DTD/xhtml11.dtd">
<html xmlns="https://www.w3.org/1999/xhtml">
<head>
<meta http-equiv="content-type" content="text/html; charset=UTF-8"/>
<title>TestNG Report</title>
<style type="text/css">table {margin-bottom:10px;border-collapse:collapse;empty-cells:show}th,td {border:1px solid #009;padding:.25em .5em}th {vertical-align:bottom}td {vertical-align:top}table a {font-weight:bold}.stripe td {background-color: #E6EBF9}.num {text-align:right}.passedodd td {background-color: #3F3}.passedeven td {background-color: #0A0}.skippedodd td {background-color: #DDD}.skippedeven td {background-color: #CCC}.failedodd td,.attn {background-color: #F33}.failedeven td,.stripe .attn {background-color: #D00}.stacktrace {white-space:pre;font-family:monospace}.totop {font-size:85%;text-align:center;border-bottom:2px solid #000}.invisible {display:none}</style>
</head>
<body>
<table>
<tr><th>Test</th><th># Passed</th><th># Skipped</th><th># Retried</th><th># Failed</th><th>Time (ms)</th><th>Included Groups</th><th>Excluded Groups</th></tr>
<tr><th colspan="8">Suite</th></tr>
<tr><td><a href="#t0">OTRT Login Test</a></td><td class="num">1</td><td class="num attn">4</td><td class="num">0</td><td class="num">0</td><td class="num">1,214</td><td></td><td></td></tr>
<tr class="stripe"><td><a href="#t1">Createa Straight Track Test</a></td><td class="num">1</td><td class="num">0</td><td class="num">0</td><td class="num">0</td><td class="num">4,368</td><td></td><td></td></tr>
<tr><th>Total</th><th class="num">2</th><th class="num attn">4</th><th class="num">0</th><th class="num">0</th><th class="num">5,582</th><th colspan="2"></th></tr>
</table>
<table id='summary'><thead><tr><th>Class</th><th>Method</th><th>Start</th><th>Time (ms)</th></tr></thead><tbody><tr><th colspan="4">Suite</th></tr></tbody><tbody id="t0"><tr><th colspan="4">OTRT Login Test &#8212; skipped</th></tr><tr class="skippedeven"><td rowspan="4">testCases.LoginTest</td><td><a href="#m0">loginAsWorker</a></td><td rowspan="4">1617164418523</td><td rowspan="4">2</td></tr><tr class="skippedeven"><td><a href="#m1">loginAsWorker</a></td></tr><tr class="skippedeven"><td><a href="#m2">loginAsWorker</a></td></tr><tr class="skippedeven"><td><a href="#m3">loginAsWorker</a></td></tr><tr><th colspan="4">OTRT Login Test &#8212; passed</th></tr><tr class="passedeven"><td rowspan="1">testCases.LoginTest</td><td><a href="#m4">loginAsWorker</a></td><td rowspan="1">1617164417406</td><td rowspan="1">773</td></tr></tbody>
<tbody id="t1"><tr><th colspan="4">Createa Straight Track Test &#8212; passed</th></tr><tr class="passedeven"><td rowspan="1">testCases.CreateNewQuoteTest</td><td><a href="#m5">CurtainTrackOnly</a></td><td rowspan="1">1617164418594</td><td rowspan="1">4344</td></tr></tbody>
</table>
<h2>OTRT Login Test</h2><h3 id="m0">testCases.LoginTest#loginAsWorker</h3><table class="result"><tr class="param"><th>Parameter #1</th></tr><tr class="param stripe"><td>{password=, email=, runmode=}</td></tr><tr><th>Messages</th></tr><tr><td><div class="messages">LOGINASWORKER   checking  test  case run mode. if run mode is no: test will be skipped.<br/>loginAsWorker   test is  skipped the test as run mode is no </div></td></tr><tr><th>Exception</th></tr><tr><td><div class="stacktrace">org.testng.SkipException: Test is skipping  bacouse of run mode 
	at testCases.LoginTest.loginAsWorker(LoginTest.java:18)
	at java.base/java.util.ArrayList.forEach(ArrayList.java:1511)
... Removed 27 stack frames</div></td></tr></table><p class="totop"><a href="#summary">back to summary</a></p>
<h3 id="m1">testCases.LoginTest#loginAsWorker</h3><table class="result"><tr class="param"><th>Parameter #1</th></tr><tr class="param stripe"><td>{password=, email=, runmode=N}</td></tr><tr><th>Messages</th></tr><tr><td><div class="messages">LOGINASWORKER   checking  test  case run mode. if run mode is no: test will be skipped.<br/>loginAsWorker   test is  skipped the test as run mode is no </div></td></tr><tr><th>Exception</th></tr><tr><td><div class="stacktrace">org.testng.SkipException: Test is skipping  bacouse of run mode 
	at testCases.LoginTest.loginAsWorker(LoginTest.java:18)
	at java.base/java.util.ArrayList.forEach(ArrayList.java:1511)
... Removed 27 stack frames</div></td></tr></table><p class="totop"><a href="#summary">back to summary</a></p>
<h3 id="m2">testCases.LoginTest#loginAsWorker</h3><table class="result"><tr class="param"><th>Parameter #1</th></tr><tr class="param stripe"><td>{password=, email=, runmode=}</td></tr><tr><th>Messages</th></tr><tr><td><div class="messages">LOGINASWORKER   checking  test  case run mode. if run mode is no: test will be skipped.<br/>loginAsWorker   test is  skipped the test as run mode is no </div></td></tr><tr><th>Exception</th></tr><tr><td><div class="stacktrace">org.testng.SkipException: Test is skipping  bacouse of run mode 
	at testCases.LoginTest.loginAsWorker(LoginTest.java:18)
	at java.base/java.util.ArrayList.forEach(ArrayList.java:1511)
... Removed 27 stack frames</div></td></tr></table><p class="totop"><a href="#summary">back to summary</a></p>
<h3 id="m3">testCases.LoginTest#loginAsWorker</h3><table class="result"><tr class="param"><th>Parameter #1</th></tr><tr class="param stripe"><td>{password=, email=, runmode=N}</td></tr><tr><th>Messages</th></tr><tr><td><div class="messages">LOGINASWORKER   checking  test  case run mode. if run mode is no: test will be skipped.<br/>loginAsWorker   test is  skipped the test as run mode is no </div></td></tr><tr><th>Exception</th></tr><tr><td><div class="stacktrace">org.testng.SkipException: Test is skipping  bacouse of run mode 
	at testCases.LoginTest.loginAsWorker(LoginTest.java:18)
	at java.base/java.util.ArrayList.forEach(ArrayList.java:1511)
... Removed 27 stack frames</div></td></tr></table><p class="totop"><a href="#summary">back to summary</a></p>
<h3 id="m4">testCases.LoginTest#loginAsWorker</h3><table class="result"><tr class="param"><th>Parameter #1</th></tr><tr class="param stripe"><td>{password=Amerika254, email=ercan@ontherighttrack.com, runmode=Y}</td></tr><tr><th>Messages</th></tr><tr><td><div class="messages">LOGINASWORKER   checking  test  case run mode. if run mode is no: test will be skipped.<br/>typing in this : By.xpath: //input[@id='inputEmail3'] enter value as the ercan@ontherighttrack.com<br/> valid email is entered<br/>typing in this : By.cssSelector: #inputPassword3 enter value as the Amerika254<br/>valid passwords is entering<br/>clicking  in this  : By.xpath: //input[@value='SIGN IN'] bottom<br/>Succefully entering main page.<br/>waiting  in this  : By.xpath: //div[@id='toast-container'] elemet to be peresent   <br/>waiting  in this  : By.xpath: //i[@class='fa fa-plus'] elemet to be peresent   <br/>loginAsWorker   test is succefully tested</div></td></tr></table><p class="totop"><a href="#summary">back to summary</a></p>
<h2>Createa Straight Track Test</h2><h3 id="m5">testCases.CreateNewQuoteTest#CurtainTrackOnly</h3><table class="result"><tr><th>Messages</th></tr><tr><td><div class="messages">CURTAINTRACKONLY   checking  test  case run mode. if run mode is no: test will be skipped.<br/>clicking  in this  : By.xpath: //span[normalize-space()='Quotes'] bottom<br/>waiting  in this  : By.xpath: //body/anms-root[1]/main[1]/pages[1]/div[2]/div[2]/div[1]/div[2]/quotes[1]/div[2]/div[1]/div[1]/div[1]/div[1]/button[1] web elemet to be clickable  <br/>clicking  in this  : By.xpath: //body/anms-root[1]/main[1]/pages[1]/div[2]/div[2]/div[1]/div[2]/quotes[1]/div[2]/div[1]/div[1]/div[1]/div[1]/button[1] bottom<br/>waiting  in this  : [[ChromeDriver: chrome on WINDOWS (57adf6801f3ec5d73c285813a6357075)] -> xpath: //div[@class='col-sm-4 form-group inputbutton customerListDropDown float-left']//select[@class='select-dropdown ng-untouched ng-pristine ng-valid ng-star-inserted']] web elemet to be vissible <br/>selecting in this : [[ChromeDriver: chrome on WINDOWS (57adf6801f3ec5d73c285813a6357075)] -> xpath: //div[@class='col-sm-4 form-group inputbutton customerListDropDown float-left']//select[@class='select-dropdown ng-untouched ng-pristine ng-valid ng-star-inserted']] enter value as the Test<br/>typing in this : By.xpath: //input[@id='curtainCost'] enter value as the Test_KeyDRiven<br/>waiting  in this  : By.cssSelector: .col-sm-12.float-left > .col-sm-4.form-group.inputbutton.curtainTypeDropDown.float-left elemet to be peresent   <br/>selecting in this : [[ChromeDriver: chrome on WINDOWS (57adf6801f3ec5d73c285813a6357075)] -> xpath: //body/anms-root[1]/main[1]/pages[1]/div[2]/div[2]/div[1]/div[2]/add-quotes[1]/div[1]/div[1]/div[1]/form[1]/div[1]/div[4]/div[1]/dropdrown[1]/div[1]/select[1]] enter index number  as the 1<br/>Dropdown has been selected!<br/>clicking  in this  : By.cssSelector: input[formcontrolname='includeLaborCost'] bottom<br/>typing in this : By.cssSelector: #laborCost enter value as the 1500<br/>waiting  in this  : [[ChromeDriver: chrome on WINDOWS (57adf6801f3ec5d73c285813a6357075)] -> xpath: //body/anms-root[1]/main[1]/pages[1]/div[2]/div[2]/div[1]/div[2]/add-quotes[1]/div[1]/div[1]/div[1]/form[1]/div[1]/div[4]/div[4]/div[5]/input[1]] web elemet to be vissible <br/>typing in this : By.cssSelector: #quantity enter value as the 2<br/>typing in this : By.cssSelector: #area_floor enter value as the ShowerRoom<br/>typing in this : By.xpath: //input[@id='room'] enter value as the 124B<br/>typing in this : By.cssSelector: #track_designation enter value as the 124-BCS<br/>typing in this : By.xpath: //input[@id='ceiling_height_feet'] enter value as the 9<br/>typing in this : By.xpath: //input[@id='ceiling_height_inches'] enter value as the 6<br/>clicking  in this  : By.xpath: //input[@formcontrolname='ninety_degree_wall_touches'] bottom<br/>selecting in this : [[ChromeDriver: chrome on WINDOWS (57adf6801f3ec5d73c285813a6357075)] -> css selector: body > anms-root:nth-child(1) > main:nth-child(1) > pages:nth-child(3) > div:nth-child(2) > div:nth-child(2) > div:nth-child(1) > div:nth-child(2) > add-quotes:nth-child(2) > div:nth-child(1) > div:nth-child(1) > div:nth-child(1) > form:nth-child(2) > div:nth-child(2) > div:nth-child(1) > div:nth-child(1) > div:nth-child(1) > div:nth-child(1) > div:nth-child(2) > div:nth-child(1) > screen2:nth-child(1) > div:nth-child(1) > div:nth-child(1) > div:nth-child(1) > div:nth-child(1) > add-track-details:nth-child(1) > div:nth-child(1) > div:nth-child(1) > div:nth-child(1) > form:nth-child(1) > div:nth-child(1) > div:nth-child(8) > dropdrown:nth-child(2) > div:nth-child(1) > select:nth-child(1)] enter index number  as the 1: ACT<br/>selecting in this : [[ChromeDriver: chrome on WINDOWS (57adf6801f3ec5d73c285813a6357075)] -> xpath: //div[@class='col-sm-3 form-group fabricPatternListDropDown float-left']//select[@class='select-dropdown ng-untouched ng-pristine ng-valid ng-star-inserted']] enter index number  as the 1: 1 Curve<br/>typing in this : By.xpath: //input[@id='first_feet'] enter value as the 12<br/>typing in this : By.xpath: //input[@id='first_inches'] enter value as the 6<br/>typing in this : By.xpath: //input[@id='second_feet'] enter value as the 4<br/>typing in this : By.xpath: //input[@id='second_inches'] enter value as the 8<br/>selecting in this : [[ChromeDriver: chrome on WINDOWS (57adf6801f3ec5d73c285813a6357075)] -> xpath: //body/anms-root[1]/main[1]/pages[1]/div[2]/div[2]/div[1]/div[2]/add-quotes[1]/div[1]/div[1]/div[1]/form[1]/div[2]/div[1]/div[1]/div[1]/div[1]/div[2]/div[1]/screen2[1]/div[1]/div[1]/div[1]/div[1]/add-track-details[1]/div[1]/div[1]/div[1]/form[1]/div[1]/div[13]/div[1]/dropdrown[1]/div[1]/select[1]] enter index number  as the 2: 90Â° 1 ft. Radius Bend<br/>waiting  in this  : By.xpath: //input[@value='Add Track'] elemet to be peresent   <br/>CurtainTrackOnly   test is succefully tested</div></td></tr></table><p class="totop"><a href="#summary">back to summary</a></p>
</body>
</html>
