<?xml version="1.0" encoding="UTF-8"?>
<testng-results ignored="0" total="2" passed="2" failed="0" skipped="0">
  <reporter-output>
    <line>
      <![CDATA[ valid email is entered]]>
    </line>
    <line>
      <![CDATA[valid passwords is entering]]>
    </line>
    <line>
      <![CDATA[Succefully entering main page.]]>
    </line>
    <line>
      <![CDATA[loginAsWorker   test is succefully tested]]>
    </line>
    <line>
      <![CDATA[CurtainTrackOnly   test is succefully tested]]>
    </line>
  </reporter-output>
  <suite started-at="2021-03-28T11:48:14 EDT" name="Suite" finished-at="2021-03-28T11:48:20 EDT" duration-ms="5746">
    <groups>
    </groups>
    <test started-at="2021-03-28T11:48:14 EDT" name="OTRT Login Test" finished-at="2021-03-28T11:48:15 EDT" duration-ms="1098">
      <class name="testCases.LoginTest">
        <test-method signature="loginAsWorker()[pri:0, instance:testCases.LoginTest@13f17eb4]" started-at="2021-03-28T11:48:14 EDT" name="loginAsWorker" finished-at="2021-03-28T11:48:15 EDT" duration-ms="824" status="PASS">
          <reporter-output>
            <line>
              <![CDATA[ valid email is entered]]>
            </line>
            <line>
              <![CDATA[valid passwords is entering]]>
            </line>
            <line>
              <![CDATA[Succefully entering main page.]]>
            </line>
            <line>
              <![CDATA[loginAsWorker   test is succefully tested]]>
            </line>
          </reporter-output>
        </test-method> <!-- loginAsWorker -->
      </class> <!-- testCases.LoginTest -->
    </test> <!-- OTRT Login Test -->
    <test started-at="2021-03-28T11:48:15 EDT" name="Createa Straight Track Test" finished-at="2021-03-28T11:48:20 EDT" duration-ms="4631">
      <class name="testCases.CreateNewQuoteTest">
        <test-method is-config="true" signature="setUP()[pri:0, instance:testCases.CreateNewQuoteTest@20f12539]" started-at="2021-03-28T11:48:06 EDT" name="setUP" finished-at="2021-03-28T11:48:14 EDT" duration-ms="7381" status="PASS">
          <reporter-output>
          </reporter-output>
        </test-method> <!-- setUP -->
        <test-method signature="CurtainTrackOnly()[pri:0, instance:testCases.CreateNewQuoteTest@20f12539]" started-at="2021-03-28T11:48:15 EDT" name="CurtainTrackOnly" finished-at="2021-03-28T11:48:20 EDT" duration-ms="4598" status="PASS">
          <reporter-output>
            <line>
              <![CDATA[CurtainTrackOnly   test is succefully tested]]>
            </line>
          </reporter-output>
        </test-method> <!-- CurtainTrackOnly -->
        <test-method is-config="true" signature="tearDown()[pri:0, instance:testCases.CreateNewQuoteTest@20f12539]" started-at="2021-03-28T11:48:20 EDT" name="tearDown" finished-at="2021-03-28T11:48:20 EDT" duration-ms="84" status="PASS">
          <reporter-output>
          </reporter-output>
        </test-method> <!-- tearDown -->
      </class> <!-- testCases.CreateNewQuoteTest -->
    </test> <!-- Createa Straight Track Test -->
  </suite> <!-- Suite -->
</testng-results>
