<?xml version="1.0" encoding="UTF-8"?>
<testng-results ignored="0" total="1" passed="1" failed="0" skipped="0">
  <reporter-output>
  </reporter-output>
  <suite started-at="2021-03-27T18:08:20 EDT" name="Default suite" finished-at="2021-03-27T18:08:26 EDT" duration-ms="5570">
    <groups>
    </groups>
    <test started-at="2021-03-27T18:08:20 EDT" name="Default test" finished-at="2021-03-27T18:08:26 EDT" duration-ms="5570">
      <class name="testCases.CreateNewQuoteTest">
        <test-method is-config="true" signature="setUP()[pri:0, instance:testCases.CreateNewQuoteTest@7776ab]" started-at="2021-03-27T18:08:15 EDT" name="setUP" finished-at="2021-03-27T18:08:20 EDT" duration-ms="5574" status="PASS">
          <reporter-output>
          </reporter-output>
        </test-method> <!-- setUP -->
        <test-method signature="CurtainTrackOnly()[pri:0, instance:testCases.CreateNewQuoteTest@7776ab]" started-at="2021-03-27T18:08:20 EDT" name="CurtainTrackOnly" finished-at="2021-03-27T18:08:26 EDT" duration-ms="5546" status="PASS">
          <reporter-output>
          </reporter-output>
        </test-method> <!-- CurtainTrackOnly -->
        <test-method is-config="true" signature="tearDown()[pri:0, instance:testCases.CreateNewQuoteTest@7776ab]" started-at="2021-03-27T18:08:26 EDT" name="tearDown" finished-at="2021-03-27T18:08:26 EDT" duration-ms="174" status="PASS">
          <reporter-output>
          </reporter-output>
        </test-method> <!-- tearDown -->
      </class> <!-- testCases.CreateNewQuoteTest -->
    </test> <!-- Default test -->
  </suite> <!-- Default suite -->
</testng-results>
