<?xml version="1.0" encoding="UTF-8"?>
<!-- Generated by org.testng.reporters.JUnitReportReporter -->
<testsuite hostname="DESKTOP-QPFEMJR" failures="0" tests="1" name="testCases.CreateNewQuoteTest" time="4.344" errors="0" timestamp="2021-03-31T00:20:26 EDT" skipped="0">
  <testcase classname="testCases.CreateNewQuoteTest" name="CurtainTrackOnly" time="4.344"/>
  <system-out>
CURTAINTRACKONLY   checking  test  case run mode. if run mode is no: test will be skipped. clicking  in this  : By.xpath: //span[normalize-space()='Quotes'] bottom waiting  in this  : By.xpath: //body/anms-root[1]/main[1]/pages[1]/div[2]/div[2]/div[1]/div[2]/quotes[1]/div[2]/div[1]/div[1]/div[1]/div[1]/button[1] web elemet to be clickable   clicking  in this  : By.xpath: //body/anms-root[1]/main[1]/pages[1]/div[2]/div[2]/div[1]/div[2]/quotes[1]/div[2]/div[1]/div[1]/div[1]/div[1]/button[1] bottom waiting  in this  : [[ChromeDriver: chrome on WINDOWS (57adf6801f3ec5d73c285813a6357075)] -> xpath: //div[@class='col-sm-4 form-group inputbutton customerListDropDown float-left']//select[@class='select-dropdown ng-untouched ng-pristine ng-valid ng-star-inserted']] web elemet to be vissible  selecting in this : [[ChromeDriver: chrome on WINDOWS (57adf6801f3ec5d73c285813a6357075)] -> xpath: //div[@class='col-sm-4 form-group inputbutton customerListDropDown float-left']//select[@class='select-dropdown ng-untouched ng-pristine ng-valid ng-star-inserted']] enter value as the Test typing in this : By.xpath: //input[@id='curtainCost'] enter value as the Test_KeyDRiven waiting  in this  : By.cssSelector: .col-sm-12.float-left > .col-sm-4.form-group.inputbutton.curtainTypeDropDown.float-left elemet to be peresent    selecting in this : [[ChromeDriver: chrome on WINDOWS (57adf6801f3ec5d73c285813a6357075)] -> xpath: //body/anms-root[1]/main[1]/pages[1]/div[2]/div[2]/div[1]/div[2]/add-quotes[1]/div[1]/div[1]/div[1]/form[1]/div[1]/div[4]/div[1]/dropdrown[1]/div[1]/select[1]] enter index number  as the 1 Dropdown has been selected! clicking  in this  : By.cssSelector: input[formcontrolname='includeLaborCost'] bottom typing in this : By.cssSelector: #laborCost enter value as the 1500 waiting  in this  : [[ChromeDriver: chrome on WINDOWS (57adf6801f3ec5d73c285813a6357075)] -> xpath: //body/anms-root[1]/main[1]/pages[1]/div[2]/div[2]/div[1]/div[2]/add-quotes[1]/div[1]/div[1]/div[1]/form[1]/div[1]/div[4]/div[4]/div[5]/input[1]] web elemet to be vissible  typing in this : By.cssSelector: #quantity enter value as the 2 typing in this : By.cssSelector: #area_floor enter value as the ShowerRoom typing in this : By.xpath: //input[@id='room'] enter value as the 124B typing in this : By.cssSelector: #track_designation enter value as the 124-BCS typing in this : By.xpath: //input[@id='ceiling_height_feet'] enter value as the 9 typing in this : By.xpath: //input[@id='ceiling_height_inches'] enter value as the 6 clicking  in this  : By.xpath: //input[@formcontrolname='ninety_degree_wall_touches'] bottom selecting in this : [[ChromeDriver: chrome on WINDOWS (57adf6801f3ec5d73c285813a6357075)] -> css selector: body > anms-root:nth-child(1) > main:nth-child(1) > pages:nth-child(3) > div:nth-child(2) > div:nth-child(2) > div:nth-child(1) > div:nth-child(2) > add-quotes:nth-child(2) > div:nth-child(1) > div:nth-child(1) > div:nth-child(1) > form:nth-child(2) > div:nth-child(2) > div:nth-child(1) > div:nth-child(1) > div:nth-child(1) > div:nth-child(1) > div:nth-child(2) > div:nth-child(1) > screen2:nth-child(1) > div:nth-child(1) > div:nth-child(1) > div:nth-child(1) > div:nth-child(1) > add-track-details:nth-child(1) > div:nth-child(1) > div:nth-child(1) > div:nth-child(1) > form:nth-child(1) > div:nth-child(1) > div:nth-child(8) > dropdrown:nth-child(2) > div:nth-child(1) > select:nth-child(1)] enter index number  as the 1: ACT selecting in this : [[ChromeDriver: chrome on WINDOWS (57adf6801f3ec5d73c285813a6357075)] -> xpath: //div[@class='col-sm-3 form-group fabricPatternListDropDown float-left']//select[@class='select-dropdown ng-untouched ng-pristine ng-valid ng-star-inserted']] enter index number  as the 1: 1 Curve typing in this : By.xpath: //input[@id='first_feet'] enter value as the 12 typing in this : By.xpath: //input[@id='first_inches'] enter value as the 6 typing in this : By.xpath: //input[@id='second_feet'] enter value as the 4 typing in this : By.xpath: //input[@id='second_inches'] enter value as the 8 selecting in this : [[ChromeDriver: chrome on WINDOWS (57adf6801f3ec5d73c285813a6357075)] -> xpath: //body/anms-root[1]/main[1]/pages[1]/div[2]/div[2]/div[1]/div[2]/add-quotes[1]/div[1]/div[1]/div[1]/form[1]/div[2]/div[1]/div[1]/div[1]/div[1]/div[2]/div[1]/screen2[1]/div[1]/div[1]/div[1]/div[1]/add-track-details[1]/div[1]/div[1]/div[1]/form[1]/div[1]/div[13]/div[1]/dropdrown[1]/div[1]/select[1]] enter index number  as the 2: 90° 1 ft. Radius Bend waiting  in this  : By.xpath: //input[@value='Add Track'] elemet to be peresent    CurtainTrackOnly   test is succefully tested  </system-out>
</testsuite> <!-- testCases.CreateNewQuoteTest -->
