<?xml version="1.0" encoding="UTF-8"?>
<testsuite name="Failing test"
           tests="3"
           failures="1"
           errors="0"
           skipped="2"
           time="-1616939437.970">
  <properties />
            <testcase name="setUP" time="5.591" classname="testCases.TestFailure">
                <failure type="java.lang.NumberFormatException"
                  message="null"
              >
<![CDATA[java.lang.NumberFormatException: null
  java.base/java.lang.Integer.parseInt(Integer.java:614)
  java.base/java.lang.Integer.parseInt(Integer.java:770)
  base.TestBase.setUP(TestBase.java:144)
  java.base/jdk.internal.reflect.NativeMethodAccessorImpl.invoke0(Native Method)
  java.base/jdk.internal.reflect.NativeMethodAccessorImpl.invoke(NativeMethodAccessorImpl.java:64)
  java.base/jdk.internal.reflect.DelegatingMethodAccessorImpl.invoke(DelegatingMethodAccessorImpl.java:43)
  java.base/java.lang.reflect.Method.invoke(Method.java:564)
  org.testng.internal.MethodInvocationHelper.invokeMethod(MethodInvocationHelper.java:132)
  org.testng.internal.MethodInvocationHelper.invokeMethodConsideringTimeout(MethodInvocationHelper.java:61)
  org.testng.internal.ConfigInvoker.invokeConfigurationMethod(ConfigInvoker.java:366)
  org.testng.internal.ConfigInvoker.invokeConfigurations(ConfigInvoker.java:320)
  org.testng.SuiteRunner.privateRun(SuiteRunner.java:327)
  org.testng.SuiteRunner.run(SuiteRunner.java:286)
  org.testng.SuiteRunnerWorker.runSuite(SuiteRunnerWorker.java:53)
  org.testng.SuiteRunnerWorker.run(SuiteRunnerWorker.java:96)
  java.base/java.util.concurrent.ThreadPoolExecutor.runWorker(ThreadPoolExecutor.java:1130)
  java.base/java.util.concurrent.ThreadPoolExecutor$Worker.run(ThreadPoolExecutor.java:630)
  java.base/java.lang.Thread.run(Thread.java:832)
]]>
      </failure>

          </testcase>
  
            <testcase name="tearDown" time="0.0" classname="testCases.TestFailure">
          <skipped />
    </testcase>
            <testcase name="failure" time="0.0" classname="testCases.TestFailure">
          <skipped />
    </testcase>
  
  
</testsuite>
